0 info it worked if it ends with ok
1 verbose cli [ '/usr/local/bin/node', '/usr/local/bin/npm', 'install', 'ajv' ]
2 info using npm@3.10.10
3 info using node@v6.10.3
4 silly loadCurrentTree Starting
5 silly install loadCurrentTree
6 silly install readLocalPackageData
7 silly fetchPackageMetaData ajv
8 silly fetchNamedPackageData ajv
9 silly mapToRegistry name ajv
10 silly mapToRegistry using default registry
11 silly mapToRegistry registry https://registry.npmjs.org/
12 silly mapToRegistry data Result {
12 silly mapToRegistry   raw: 'ajv',
12 silly mapToRegistry   scope: null,
12 silly mapToRegistry   escapedName: 'ajv',
12 silly mapToRegistry   name: 'ajv',
12 silly mapToRegistry   rawSpec: '',
12 silly mapToRegistry   spec: 'latest',
12 silly mapToRegistry   type: 'tag' }
13 silly mapToRegistry uri https://registry.npmjs.org/ajv
14 verbose request uri https://registry.npmjs.org/ajv
15 verbose request no auth needed
16 info attempt registry request try #1 at 7:42:21 PM
17 verbose request id d4f722cd038e0df9
18 verbose etag W/"59430c0f-8b25e"
19 verbose lastModified Thu, 15 Jun 2017 22:37:03 GMT
20 http request GET https://registry.npmjs.org/ajv
21 http 304 https://registry.npmjs.org/ajv
22 verbose headers { date: 'Thu, 15 Jun 2017 23:42:22 GMT',
22 verbose headers   via: '1.1 varnish',
22 verbose headers   'cache-control': 'max-age=300',
22 verbose headers   etag: 'W/"59430c0f-8b25e"',
22 verbose headers   age: '199',
22 verbose headers   connection: 'keep-alive',
22 verbose headers   'x-served-by': 'cache-iad2145-IAD',
22 verbose headers   'x-cache': 'HIT',
22 verbose headers   'x-cache-hits': '12',
22 verbose headers   'x-timer': 'S1497570142.153568,VS0,VE0',
22 verbose headers   vary: 'Accept-Encoding' }
23 silly get cb [ 304,
23 silly get   { date: 'Thu, 15 Jun 2017 23:42:22 GMT',
23 silly get     via: '1.1 varnish',
23 silly get     'cache-control': 'max-age=300',
23 silly get     etag: 'W/"59430c0f-8b25e"',
23 silly get     age: '199',
23 silly get     connection: 'keep-alive',
23 silly get     'x-served-by': 'cache-iad2145-IAD',
23 silly get     'x-cache': 'HIT',
23 silly get     'x-cache-hits': '12',
23 silly get     'x-timer': 'S1497570142.153568,VS0,VE0',
23 silly get     vary: 'Accept-Encoding' } ]
24 verbose etag https://registry.npmjs.org/ajv from cache
25 verbose get saving ajv to /Users/perez0231/.npm/registry.npmjs.org/ajv/.cache.json
26 verbose correctMkdir /Users/perez0231/.npm correctMkdir not in flight; initializing
27 silly install normalizeTree
28 silly loadCurrentTree Finishing
29 silly loadIdealTree Starting
30 silly install loadIdealTree
31 silly cloneCurrentTree Starting
32 silly install cloneCurrentTreeToIdealTree
33 silly cloneCurrentTree Finishing
34 silly loadShrinkwrap Starting
35 silly install loadShrinkwrap
36 silly loadShrinkwrap Finishing
37 silly loadAllDepsIntoIdealTree Starting
38 silly install loadAllDepsIntoIdealTree
39 silly resolveWithNewModule ajv@5.1.6 checking installable status
40 silly cache add args [ 'ajv', null ]
41 verbose cache add spec ajv
42 silly cache add parsed spec Result {
42 silly cache add   raw: 'ajv',
42 silly cache add   scope: null,
42 silly cache add   escapedName: 'ajv',
42 silly cache add   name: 'ajv',
42 silly cache add   rawSpec: '',
42 silly cache add   spec: 'latest',
42 silly cache add   type: 'tag' }
43 silly addNamed ajv@latest
44 verbose addNamed "latest" is being treated as a dist-tag for ajv
45 info addNameTag [ 'ajv', 'latest' ]
46 silly mapToRegistry name ajv
47 silly mapToRegistry using default registry
48 silly mapToRegistry registry https://registry.npmjs.org/
49 silly mapToRegistry data Result {
49 silly mapToRegistry   raw: 'ajv',
49 silly mapToRegistry   scope: null,
49 silly mapToRegistry   escapedName: 'ajv',
49 silly mapToRegistry   name: 'ajv',
49 silly mapToRegistry   rawSpec: '',
49 silly mapToRegistry   spec: 'latest',
49 silly mapToRegistry   type: 'tag' }
50 silly mapToRegistry uri https://registry.npmjs.org/ajv
51 verbose addNameTag registry:https://registry.npmjs.org/ajv not in flight; fetching
52 verbose get https://registry.npmjs.org/ajv not expired, no request
53 silly addNameTag next cb for ajv with tag latest
54 silly addNamed ajv@5.1.6
55 verbose addNamed "5.1.6" is a plain semver version for ajv
56 silly cache afterAdd ajv@5.1.6
57 verbose afterAdd /Users/perez0231/.npm/ajv/5.1.6/package/package.json not in flight; writing
58 verbose correctMkdir /Users/perez0231/.npm correctMkdir not in flight; initializing
59 verbose afterAdd /Users/perez0231/.npm/ajv/5.1.6/package/package.json written
60 silly fetchNamedPackageData co
61 silly mapToRegistry name co
62 silly mapToRegistry using default registry
63 silly mapToRegistry registry https://registry.npmjs.org/
64 silly mapToRegistry data Result {
64 silly mapToRegistry   raw: 'co',
64 silly mapToRegistry   scope: null,
64 silly mapToRegistry   escapedName: 'co',
64 silly mapToRegistry   name: 'co',
64 silly mapToRegistry   rawSpec: '',
64 silly mapToRegistry   spec: 'latest',
64 silly mapToRegistry   type: 'tag' }
65 silly mapToRegistry uri https://registry.npmjs.org/co
66 silly fetchNamedPackageData json-schema-traverse
67 silly mapToRegistry name json-schema-traverse
68 silly mapToRegistry using default registry
69 silly mapToRegistry registry https://registry.npmjs.org/
70 silly mapToRegistry data Result {
70 silly mapToRegistry   raw: 'json-schema-traverse',
70 silly mapToRegistry   scope: null,
70 silly mapToRegistry   escapedName: 'json-schema-traverse',
70 silly mapToRegistry   name: 'json-schema-traverse',
70 silly mapToRegistry   rawSpec: '',
70 silly mapToRegistry   spec: 'latest',
70 silly mapToRegistry   type: 'tag' }
71 silly mapToRegistry uri https://registry.npmjs.org/json-schema-traverse
72 silly fetchNamedPackageData json-stable-stringify
73 silly mapToRegistry name json-stable-stringify
74 silly mapToRegistry using default registry
75 silly mapToRegistry registry https://registry.npmjs.org/
76 silly mapToRegistry data Result {
76 silly mapToRegistry   raw: 'json-stable-stringify',
76 silly mapToRegistry   scope: null,
76 silly mapToRegistry   escapedName: 'json-stable-stringify',
76 silly mapToRegistry   name: 'json-stable-stringify',
76 silly mapToRegistry   rawSpec: '',
76 silly mapToRegistry   spec: 'latest',
76 silly mapToRegistry   type: 'tag' }
77 silly mapToRegistry uri https://registry.npmjs.org/json-stable-stringify
78 verbose request uri https://registry.npmjs.org/json-stable-stringify
79 verbose request no auth needed
80 info attempt registry request try #1 at 7:42:22 PM
81 verbose etag W/"591c4d70-37b8"
82 verbose lastModified Wed, 17 May 2017 13:17:36 GMT
83 http request GET https://registry.npmjs.org/json-stable-stringify
84 verbose request uri https://registry.npmjs.org/json-schema-traverse
85 verbose request no auth needed
86 info attempt registry request try #1 at 7:42:22 PM
87 verbose etag W/"5935bcc8-14e2"
88 verbose lastModified Mon, 05 Jun 2017 20:19:20 GMT
89 http request GET https://registry.npmjs.org/json-schema-traverse
90 verbose request uri https://registry.npmjs.org/co
91 verbose request no auth needed
92 info attempt registry request try #1 at 7:42:22 PM
93 verbose etag W/"5942af4e-a84a"
94 verbose lastModified Thu, 15 Jun 2017 16:01:18 GMT
95 http request GET https://registry.npmjs.org/co
96 http 304 https://registry.npmjs.org/json-stable-stringify
97 verbose headers { date: 'Thu, 15 Jun 2017 23:42:22 GMT',
97 verbose headers   via: '1.1 varnish',
97 verbose headers   'cache-control': 'max-age=300',
97 verbose headers   etag: 'W/"591c4d70-37b8"',
97 verbose headers   age: '219',
97 verbose headers   connection: 'keep-alive',
97 verbose headers   'x-served-by': 'cache-iad2145-IAD',
97 verbose headers   'x-cache': 'HIT',
97 verbose headers   'x-cache-hits': '11',
97 verbose headers   'x-timer': 'S1497570143.638738,VS0,VE0',
97 verbose headers   vary: 'Accept-Encoding' }
98 silly get cb [ 304,
98 silly get   { date: 'Thu, 15 Jun 2017 23:42:22 GMT',
98 silly get     via: '1.1 varnish',
98 silly get     'cache-control': 'max-age=300',
98 silly get     etag: 'W/"591c4d70-37b8"',
98 silly get     age: '219',
98 silly get     connection: 'keep-alive',
98 silly get     'x-served-by': 'cache-iad2145-IAD',
98 silly get     'x-cache': 'HIT',
98 silly get     'x-cache-hits': '11',
98 silly get     'x-timer': 'S1497570143.638738,VS0,VE0',
98 silly get     vary: 'Accept-Encoding' } ]
99 verbose etag https://registry.npmjs.org/json-stable-stringify from cache
100 verbose get saving json-stable-stringify to /Users/perez0231/.npm/registry.npmjs.org/json-stable-stringify/.cache.json
101 verbose correctMkdir /Users/perez0231/.npm correctMkdir not in flight; initializing
102 silly resolveWithNewModule json-stable-stringify@1.0.1 checking installable status
103 silly cache add args [ 'json-stable-stringify@^1.0.1', null ]
104 verbose cache add spec json-stable-stringify@^1.0.1
105 silly cache add parsed spec Result {
105 silly cache add   raw: 'json-stable-stringify@^1.0.1',
105 silly cache add   scope: null,
105 silly cache add   escapedName: 'json-stable-stringify',
105 silly cache add   name: 'json-stable-stringify',
105 silly cache add   rawSpec: '^1.0.1',
105 silly cache add   spec: '>=1.0.1 <2.0.0',
105 silly cache add   type: 'range' }
106 silly addNamed json-stable-stringify@>=1.0.1 <2.0.0
107 verbose addNamed ">=1.0.1 <2.0.0" is a valid semver range for json-stable-stringify
108 silly addNameRange { name: 'json-stable-stringify',
108 silly addNameRange   range: '>=1.0.1 <2.0.0',
108 silly addNameRange   hasData: false }
109 silly mapToRegistry name json-stable-stringify
110 silly mapToRegistry using default registry
111 silly mapToRegistry registry https://registry.npmjs.org/
112 silly mapToRegistry data Result {
112 silly mapToRegistry   raw: 'json-stable-stringify',
112 silly mapToRegistry   scope: null,
112 silly mapToRegistry   escapedName: 'json-stable-stringify',
112 silly mapToRegistry   name: 'json-stable-stringify',
112 silly mapToRegistry   rawSpec: '',
112 silly mapToRegistry   spec: 'latest',
112 silly mapToRegistry   type: 'tag' }
113 silly mapToRegistry uri https://registry.npmjs.org/json-stable-stringify
114 verbose addNameRange registry:https://registry.npmjs.org/json-stable-stringify not in flight; fetching
115 verbose get https://registry.npmjs.org/json-stable-stringify not expired, no request
116 silly addNameRange number 2 { name: 'json-stable-stringify',
116 silly addNameRange   range: '>=1.0.1 <2.0.0',
116 silly addNameRange   hasData: true }
117 silly addNameRange versions [ 'json-stable-stringify',
117 silly addNameRange   [ '0.0.0',
117 silly addNameRange     '0.0.1',
117 silly addNameRange     '0.1.0',
117 silly addNameRange     '0.1.1',
117 silly addNameRange     '0.1.2',
117 silly addNameRange     '0.1.3',
117 silly addNameRange     '1.0.0',
117 silly addNameRange     '1.0.1' ] ]
118 silly addNamed json-stable-stringify@1.0.1
119 verbose addNamed "1.0.1" is a plain semver version for json-stable-stringify
120 silly cache afterAdd json-stable-stringify@1.0.1
121 verbose afterAdd /Users/perez0231/.npm/json-stable-stringify/1.0.1/package/package.json not in flight; writing
122 verbose correctMkdir /Users/perez0231/.npm correctMkdir not in flight; initializing
123 verbose afterAdd /Users/perez0231/.npm/json-stable-stringify/1.0.1/package/package.json written
124 http 304 https://registry.npmjs.org/json-schema-traverse
125 verbose headers { date: 'Thu, 15 Jun 2017 23:42:22 GMT',
125 verbose headers   via: '1.1 varnish',
125 verbose headers   'cache-control': 'max-age=300',
125 verbose headers   etag: 'W/"5935bcc8-14e2"',
125 verbose headers   age: '141',
125 verbose headers   connection: 'keep-alive',
125 verbose headers   'x-served-by': 'cache-iad2134-IAD',
125 verbose headers   'x-cache': 'HIT',
125 verbose headers   'x-cache-hits': '2',
125 verbose headers   'x-timer': 'S1497570143.688872,VS0,VE0',
125 verbose headers   vary: 'Accept-Encoding' }
126 silly get cb [ 304,
126 silly get   { date: 'Thu, 15 Jun 2017 23:42:22 GMT',
126 silly get     via: '1.1 varnish',
126 silly get     'cache-control': 'max-age=300',
126 silly get     etag: 'W/"5935bcc8-14e2"',
126 silly get     age: '141',
126 silly get     connection: 'keep-alive',
126 silly get     'x-served-by': 'cache-iad2134-IAD',
126 silly get     'x-cache': 'HIT',
126 silly get     'x-cache-hits': '2',
126 silly get     'x-timer': 'S1497570143.688872,VS0,VE0',
126 silly get     vary: 'Accept-Encoding' } ]
127 verbose etag https://registry.npmjs.org/json-schema-traverse from cache
128 verbose get saving json-schema-traverse to /Users/perez0231/.npm/registry.npmjs.org/json-schema-traverse/.cache.json
129 verbose correctMkdir /Users/perez0231/.npm correctMkdir not in flight; initializing
130 http 304 https://registry.npmjs.org/co
131 verbose headers { date: 'Thu, 15 Jun 2017 23:42:22 GMT',
131 verbose headers   via: '1.1 varnish',
131 verbose headers   'cache-control': 'max-age=300',
131 verbose headers   etag: 'W/"5942af4e-a84a"',
131 verbose headers   age: '282',
131 verbose headers   connection: 'keep-alive',
131 verbose headers   'x-served-by': 'cache-iad2148-IAD',
131 verbose headers   'x-cache': 'HIT',
131 verbose headers   'x-cache-hits': '1',
131 verbose headers   'x-timer': 'S1497570143.679964,VS0,VE1',
131 verbose headers   vary: 'Accept-Encoding' }
132 silly get cb [ 304,
132 silly get   { date: 'Thu, 15 Jun 2017 23:42:22 GMT',
132 silly get     via: '1.1 varnish',
132 silly get     'cache-control': 'max-age=300',
132 silly get     etag: 'W/"5942af4e-a84a"',
132 silly get     age: '282',
132 silly get     connection: 'keep-alive',
132 silly get     'x-served-by': 'cache-iad2148-IAD',
132 silly get     'x-cache': 'HIT',
132 silly get     'x-cache-hits': '1',
132 silly get     'x-timer': 'S1497570143.679964,VS0,VE1',
132 silly get     vary: 'Accept-Encoding' } ]
133 verbose etag https://registry.npmjs.org/co from cache
134 verbose get saving co to /Users/perez0231/.npm/registry.npmjs.org/co/.cache.json
135 verbose correctMkdir /Users/perez0231/.npm correctMkdir not in flight; initializing
136 silly fetchNamedPackageData No valid target from cache, forcing network
137 verbose request uri https://registry.npmjs.org/json-schema-traverse
138 verbose request no auth needed
139 info attempt registry request try #1 at 7:42:22 PM
140 http request GET https://registry.npmjs.org/json-schema-traverse
141 silly resolveWithNewModule co@4.6.0 checking installable status
142 silly cache add args [ 'co@^4.6.0', null ]
143 verbose cache add spec co@^4.6.0
144 silly cache add parsed spec Result {
144 silly cache add   raw: 'co@^4.6.0',
144 silly cache add   scope: null,
144 silly cache add   escapedName: 'co',
144 silly cache add   name: 'co',
144 silly cache add   rawSpec: '^4.6.0',
144 silly cache add   spec: '>=4.6.0 <5.0.0',
144 silly cache add   type: 'range' }
145 silly addNamed co@>=4.6.0 <5.0.0
146 verbose addNamed ">=4.6.0 <5.0.0" is a valid semver range for co
147 silly addNameRange { name: 'co', range: '>=4.6.0 <5.0.0', hasData: false }
148 silly mapToRegistry name co
149 silly mapToRegistry using default registry
150 silly mapToRegistry registry https://registry.npmjs.org/
151 silly mapToRegistry data Result {
151 silly mapToRegistry   raw: 'co',
151 silly mapToRegistry   scope: null,
151 silly mapToRegistry   escapedName: 'co',
151 silly mapToRegistry   name: 'co',
151 silly mapToRegistry   rawSpec: '',
151 silly mapToRegistry   spec: 'latest',
151 silly mapToRegistry   type: 'tag' }
152 silly mapToRegistry uri https://registry.npmjs.org/co
153 verbose addNameRange registry:https://registry.npmjs.org/co not in flight; fetching
154 http 200 https://registry.npmjs.org/json-schema-traverse
155 verbose headers { server: 'nginx/1.10.1',
155 verbose headers   'content-type': 'application/json',
155 verbose headers   'last-modified': 'Mon, 05 Jun 2017 20:19:20 GMT',
155 verbose headers   etag: 'W/"5935bcc8-14e2"',
155 verbose headers   'content-encoding': 'gzip',
155 verbose headers   'cache-control': 'max-age=300',
155 verbose headers   'content-length': '1809',
155 verbose headers   'accept-ranges': 'bytes',
155 verbose headers   date: 'Thu, 15 Jun 2017 23:42:22 GMT',
155 verbose headers   via: '1.1 varnish',
155 verbose headers   age: '142',
155 verbose headers   connection: 'keep-alive',
155 verbose headers   'x-served-by': 'cache-iad2145-IAD',
155 verbose headers   'x-cache': 'HIT',
155 verbose headers   'x-cache-hits': '2',
155 verbose headers   'x-timer': 'S1497570143.723630,VS0,VE0',
155 verbose headers   vary: 'Accept-Encoding' }
156 silly get cb [ 200,
156 silly get   { server: 'nginx/1.10.1',
156 silly get     'content-type': 'application/json',
156 silly get     'last-modified': 'Mon, 05 Jun 2017 20:19:20 GMT',
156 silly get     etag: 'W/"5935bcc8-14e2"',
156 silly get     'content-encoding': 'gzip',
156 silly get     'cache-control': 'max-age=300',
156 silly get     'content-length': '1809',
156 silly get     'accept-ranges': 'bytes',
156 silly get     date: 'Thu, 15 Jun 2017 23:42:22 GMT',
156 silly get     via: '1.1 varnish',
156 silly get     age: '142',
156 silly get     connection: 'keep-alive',
156 silly get     'x-served-by': 'cache-iad2145-IAD',
156 silly get     'x-cache': 'HIT',
156 silly get     'x-cache-hits': '2',
156 silly get     'x-timer': 'S1497570143.723630,VS0,VE0',
156 silly get     vary: 'Accept-Encoding' } ]
157 verbose get saving json-schema-traverse to /Users/perez0231/.npm/registry.npmjs.org/json-schema-traverse/.cache.json
158 verbose correctMkdir /Users/perez0231/.npm correctMkdir not in flight; initializing
159 verbose get https://registry.npmjs.org/co not expired, no request
160 silly addNameRange number 2 { name: 'co', range: '>=4.6.0 <5.0.0', hasData: true }
161 silly addNameRange versions [ 'co',
161 silly addNameRange   [ '1.0.0',
161 silly addNameRange     '1.1.0',
161 silly addNameRange     '1.2.0',
161 silly addNameRange     '1.2.1',
161 silly addNameRange     '1.3.0',
161 silly addNameRange     '1.4.0',
161 silly addNameRange     '1.4.1',
161 silly addNameRange     '1.5.0',
161 silly addNameRange     '1.5.1',
161 silly addNameRange     '1.5.2',
161 silly addNameRange     '2.0.0',
161 silly addNameRange     '2.1.0',
161 silly addNameRange     '2.2.0',
161 silly addNameRange     '2.3.0',
161 silly addNameRange     '3.0.0',
161 silly addNameRange     '3.0.1',
161 silly addNameRange     '3.0.2',
161 silly addNameRange     '3.0.4',
161 silly addNameRange     '3.0.5',
161 silly addNameRange     '3.0.6',
161 silly addNameRange     '3.1.0',
161 silly addNameRange     '4.0.0',
161 silly addNameRange     '4.0.1',
161 silly addNameRange     '4.0.2',
161 silly addNameRange     '4.1.0',
161 silly addNameRange     '4.2.0',
161 silly addNameRange     '4.3.0',
161 silly addNameRange     '4.3.1',
161 silly addNameRange     '4.4.0',
161 silly addNameRange     '4.5.0',
161 silly addNameRange     '4.5.1',
161 silly addNameRange     '4.5.2',
161 silly addNameRange     '4.5.4',
161 silly addNameRange     '4.6.0' ] ]
162 silly addNamed co@4.6.0
163 verbose addNamed "4.6.0" is a plain semver version for co
164 silly cache afterAdd co@4.6.0
165 verbose afterAdd /Users/perez0231/.npm/co/4.6.0/package/package.json not in flight; writing
166 verbose correctMkdir /Users/perez0231/.npm correctMkdir not in flight; initializing
167 silly fetchPackageMetaData Error: No compatible version found: json-schema-traverse@^0.3.0
167 silly fetchPackageMetaData Valid install targets:
167 silly fetchPackageMetaData 0.1.0, 0.0.1
167 silly fetchPackageMetaData
167 silly fetchPackageMetaData     at pickVersionFromRegistryDocument (/usr/local/lib/node_modules/npm/lib/fetch-package-metadata.js:178:16)
167 silly fetchPackageMetaData     at /usr/local/lib/node_modules/npm/node_modules/iferr/index.js:13:50
167 silly fetchPackageMetaData     at /usr/local/lib/node_modules/npm/lib/utils/pulse-till-done.js:20:8
167 silly fetchPackageMetaData     at saved (/usr/local/lib/node_modules/npm/lib/cache/caching-client.js:174:7)
167 silly fetchPackageMetaData     at /usr/local/lib/node_modules/npm/node_modules/graceful-fs/polyfills.js:241:18
167 silly fetchPackageMetaData     at FSReqWrap.oncomplete (fs.js:123:15)
167 silly fetchPackageMetaData  error for json-schema-traverse@^0.3.0 { Error: No compatible version found: json-schema-traverse@^0.3.0
167 silly fetchPackageMetaData Valid install targets:
167 silly fetchPackageMetaData 0.1.0, 0.0.1
167 silly fetchPackageMetaData
167 silly fetchPackageMetaData     at pickVersionFromRegistryDocument (/usr/local/lib/node_modules/npm/lib/fetch-package-metadata.js:178:16)
167 silly fetchPackageMetaData     at /usr/local/lib/node_modules/npm/node_modules/iferr/index.js:13:50
167 silly fetchPackageMetaData     at /usr/local/lib/node_modules/npm/lib/utils/pulse-till-done.js:20:8
167 silly fetchPackageMetaData     at saved (/usr/local/lib/node_modules/npm/lib/cache/caching-client.js:174:7)
167 silly fetchPackageMetaData     at /usr/local/lib/node_modules/npm/node_modules/graceful-fs/polyfills.js:241:18
167 silly fetchPackageMetaData     at FSReqWrap.oncomplete (fs.js:123:15) code: 'ETARGET' }
168 verbose afterAdd /Users/perez0231/.npm/co/4.6.0/package/package.json written
169 silly rollbackFailedOptional Starting
170 silly rollbackFailedOptional Finishing
171 silly runTopLevelLifecycles Finishing
172 silly install printInstalled
173 verbose stack Error: No compatible version found: json-schema-traverse@^0.3.0
173 verbose stack Valid install targets:
173 verbose stack 0.1.0, 0.0.1
173 verbose stack
173 verbose stack     at pickVersionFromRegistryDocument (/usr/local/lib/node_modules/npm/lib/fetch-package-metadata.js:178:16)
173 verbose stack     at /usr/local/lib/node_modules/npm/node_modules/iferr/index.js:13:50
173 verbose stack     at /usr/local/lib/node_modules/npm/lib/utils/pulse-till-done.js:20:8
173 verbose stack     at saved (/usr/local/lib/node_modules/npm/lib/cache/caching-client.js:174:7)
173 verbose stack     at /usr/local/lib/node_modules/npm/node_modules/graceful-fs/polyfills.js:241:18
173 verbose stack     at FSReqWrap.oncomplete (fs.js:123:15)
174 verbose cwd /Users/perez0231/Desktop/DojoAssignments/MEAN/Angular
175 error Darwin 16.5.0
176 error argv "/usr/local/bin/node" "/usr/local/bin/npm" "install" "ajv"
177 error node v6.10.3
178 error npm  v3.10.10
179 error code ETARGET
180 error notarget No compatible version found: json-schema-traverse@^0.3.0
180 error notarget Valid install targets:
180 error notarget 0.1.0, 0.0.1
181 error notarget This is most likely not a problem with npm itself.
181 error notarget In most cases you or one of your dependencies are requesting
181 error notarget a package version that doesn't exist.
181 error notarget
181 error notarget It was specified as a dependency of 'ajv'
182 verbose exit [ 1, true ]
